This is pdfTeX, Version 3.141592653-2.6-1.40.22 (TeX Live 2021/W32TeX) (preloaded format=pdflatex 2021.6.17)  19 SEP 2021 19:59
entering extended mode
 restricted \write18 enabled.
 %&-line parsing enabled.
**Group10_A2.tex
(./Group10_A2.tex
LaTeX2e <2021-06-01> patch level 1
L3 programming layer <2021-06-01> (c:/Users/lpmPh/AppData/Roaming/TinyTeX/texmf
-dist/tex/latex/base/article.cls
Document Class: article 2021/02/12 v1.4n Standard LaTeX document class
(c:/Users/lpmPh/AppData/Roaming/TinyTeX/texmf-dist/tex/latex/base/size10.clo
File: size10.clo 2021/02/12 v1.4n Standard LaTeX file (size option)
)
\c@part=\count182
\c@section=\count183
\c@subsection=\count184
\c@subsubsection=\count185
\c@paragraph=\count186
\c@subparagraph=\count187
\c@figure=\count188
\c@table=\count189
\abovecaptionskip=\skip47
\belowcaptionskip=\skip48
\bibindent=\dimen138
) (c:/Users/lpmPh/AppData/Roaming/TinyTeX/texmf-dist/tex/latex/lm/lmodern.sty
Package: lmodern 2015/05/01 v1.6.1 Latin Modern Fonts
LaTeX Font Info:    Overwriting symbol font `operators' in version `normal'
(Font)                  OT1/cmr/m/n --> OT1/lmr/m/n on input line 22.
LaTeX Font Info:    Overwriting symbol font `letters' in version `normal'
(Font)                  OML/cmm/m/it --> OML/lmm/m/it on input line 23.
LaTeX Font Info:    Overwriting symbol font `symbols' in version `normal'
(Font)                  OMS/cmsy/m/n --> OMS/lmsy/m/n on input line 24.
LaTeX Font Info:    Overwriting symbol font `largesymbols' in version `normal'
(Font)                  OMX/cmex/m/n --> OMX/lmex/m/n on input line 25.
LaTeX Font Info:    Overwriting symbol font `operators' in version `bold'
(Font)                  OT1/cmr/bx/n --> OT1/lmr/bx/n on input line 26.
LaTeX Font Info:    Overwriting symbol font `letters' in version `bold'
(Font)                  OML/cmm/b/it --> OML/lmm/b/it on input line 27.
LaTeX Font Info:    Overwriting symbol font `symbols' in version `bold'
(Font)                  OMS/cmsy/b/n --> OMS/lmsy/b/n on input line 28.
LaTeX Font Info:    Overwriting symbol font `largesymbols' in version `bold'
(Font)                  OMX/cmex/m/n --> OMX/lmex/m/n on input line 29.
LaTeX Font Info:    Overwriting math alphabet `\mathbf' in version `normal'
(Font)                  OT1/cmr/bx/n --> OT1/lmr/bx/n on input line 31.
LaTeX Font Info:    Overwriting math alphabet `\mathsf' in version `normal'
(Font)                  OT1/cmss/m/n --> OT1/lmss/m/n on input line 32.
LaTeX Font Info:    Overwriting math alphabet `\mathit' in version `normal'
(Font)                  OT1/cmr/m/it --> OT1/lmr/m/it on input line 33.
LaTeX Font Info:    Overwriting math alphabet `\mathtt' in version `normal'
(Font)                  OT1/cmtt/m/n --> OT1/lmtt/m/n on input line 34.
LaTeX Font Info:    Overwriting math alphabet `\mathbf' in version `bold'
(Font)                  OT1/cmr/bx/n --> OT1/lmr/bx/n on input line 35.
LaTeX Font Info:    Overwriting math alphabet `\mathsf' in version `bold'
(Font)                  OT1/cmss/bx/n --> OT1/lmss/bx/n on input line 36.
LaTeX Font Info:    Overwriting math alphabet `\mathit' in version `bold'
(Font)                  OT1/cmr/bx/it --> OT1/lmr/bx/it on input line 37.
LaTeX Font Info:    Overwriting math alphabet `\mathtt' in version `bold'
(Font)                  OT1/cmtt/m/n --> OT1/lmtt/m/n on input line 38.
)
(c:/Users/lpmPh/AppData/Roaming/TinyTeX/texmf-dist/tex/latex/amsfonts/amssymb.s
ty
Package: amssymb 2013/01/14 v3.01 AMS font symbols

(c:/Users/lpmPh/AppData/Roaming/TinyTeX/texmf-dist/tex/latex/amsfonts/amsfonts.
sty
Package: amsfonts 2013/01/14 v3.01 Basic AMSFonts support
\@emptytoks=\toks16
\symAMSa=\mathgroup4
\symAMSb=\mathgroup5
LaTeX Font Info:    Redeclaring math symbol \hbar on input line 98.
LaTeX Font Info:    Overwriting math alphabet `\mathfrak' in version `bold'
(Font)                  U/euf/m/n --> U/euf/b/n on input line 106.
))
(c:/Users/lpmPh/AppData/Roaming/TinyTeX/texmf-dist/tex/latex/amsmath/amsmath.st
y
Package: amsmath 2021/04/20 v2.17j AMS math features
\@mathmargin=\skip49
For additional information on amsmath, use the `?' option.

(c:/Users/lpmPh/AppData/Roaming/TinyTeX/texmf-dist/tex/latex/amsmath/amstext.st
y
Package: amstext 2000/06/29 v2.01 AMS text

(c:/Users/lpmPh/AppData/Roaming/TinyTeX/texmf-dist/tex/latex/amsmath/amsgen.sty
File: amsgen.sty 1999/11/30 v2.0 generic functions
\@emptytoks=\toks17
\ex@=\dimen139
))
(c:/Users/lpmPh/AppData/Roaming/TinyTeX/texmf-dist/tex/latex/amsmath/amsbsy.sty
Package: amsbsy 1999/11/29 v1.2d Bold Symbols
\pmbraise@=\dimen140
)
(c:/Users/lpmPh/AppData/Roaming/TinyTeX/texmf-dist/tex/latex/amsmath/amsopn.sty
Package: amsopn 2016/03/08 v2.02 operator names
)
\inf@bad=\count190
LaTeX Info: Redefining \frac on input line 234.
\uproot@=\count191
\leftroot@=\count192
LaTeX Info: Redefining \overline on input line 399.
\classnum@=\count193
\DOTSCASE@=\count194
LaTeX Info: Redefining \ldots on input line 496.
LaTeX Info: Redefining \dots on input line 499.
LaTeX Info: Redefining \cdots on input line 620.
\Mathstrutbox@=\box50
\strutbox@=\box51
\big@size=\dimen141
LaTeX Font Info:    Redeclaring font encoding OML on input line 743.
LaTeX Font Info:    Redeclaring font encoding OMS on input line 744.
\macc@depth=\count195
\c@MaxMatrixCols=\count196
\dotsspace@=\muskip16
\c@parentequation=\count197
\dspbrk@lvl=\count198
\tag@help=\toks18
\row@=\count199
\column@=\count266
\maxfields@=\count267
\andhelp@=\toks19
\eqnshift@=\dimen142
\alignsep@=\dimen143
\tagshift@=\dimen144
\tagwidth@=\dimen145
\totwidth@=\dimen146
\lineht@=\dimen147
\@envbody=\toks20
\multlinegap=\skip50
\multlinetaggap=\skip51
\mathdisplay@stack=\toks21
LaTeX Info: Redefining \[ on input line 2923.
LaTeX Info: Redefining \] on input line 2924.
)
(c:/Users/lpmPh/AppData/Roaming/TinyTeX/texmf-dist/tex/generic/iftex/ifxetex.st
y
Package: ifxetex 2019/10/25 v0.7 ifxetex legacy package. Use iftex instead.
(c:/Users/lpmPh/AppData/Roaming/TinyTeX/texmf-dist/tex/generic/iftex/iftex.sty
Package: iftex 2020/03/06 v1.0d TeX engine tests
))
(c:/Users/lpmPh/AppData/Roaming/TinyTeX/texmf-dist/tex/generic/iftex/ifluatex.s
ty
Package: ifluatex 2019/10/25 v1.5 ifluatex legacy package. Use iftex instead.
) (c:/Users/lpmPh/AppData/Roaming/TinyTeX/texmf-dist/tex/latex/base/fontenc.sty
Package: fontenc 2021/04/29 v2.0v Standard LaTeX package
LaTeX Font Info:    Trying to load font information for T1+lmr on input line 11
2.
(c:/Users/lpmPh/AppData/Roaming/TinyTeX/texmf-dist/tex/latex/lm/t1lmr.fd
File: t1lmr.fd 2015/05/01 v1.6.1 Font defs for Latin Modern
)) (c:/Users/lpmPh/AppData/Roaming/TinyTeX/texmf-dist/tex/latex/base/inputenc.s
ty
Package: inputenc 2021/02/14 v1.3d Input encoding file
\inpenc@prehook=\toks22
\inpenc@posthook=\toks23
) (c:/Users/lpmPh/AppData/Roaming/TinyTeX/texmf-dist/tex/latex/base/textcomp.st
y
Package: textcomp 2020/02/02 v2.0n Standard LaTeX package
)
(c:/Users/lpmPh/AppData/Roaming/TinyTeX/texmf-dist/tex/latex/microtype/microtyp
e.sty
Package: microtype 2021/03/14 v2.8c Micro-typographical refinements (RS)

(c:/Users/lpmPh/AppData/Roaming/TinyTeX/texmf-dist/tex/latex/graphics/keyval.st
y
Package: keyval 2014/10/28 v1.15 key=value parser (DPC)
\KV@toks@=\toks24
)
\MT@toks=\toks25
\MT@count=\count268
LaTeX Info: Redefining \textls on input line 790.
\MT@outer@kern=\dimen148
LaTeX Info: Redefining \textmicrotypecontext on input line 1374.
\MT@listname@count=\count269

(c:/Users/lpmPh/AppData/Roaming/TinyTeX/texmf-dist/tex/latex/microtype/microtyp
e-pdftex.def
File: microtype-pdftex.def 2021/03/14 v2.8c Definitions specific to pdftex (RS)

LaTeX Info: Redefining \lsstyle on input line 915.
LaTeX Info: Redefining \lslig on input line 915.
\MT@outer@space=\skip52
)
Package microtype Info: Loading configuration file microtype.cfg.

(c:/Users/lpmPh/AppData/Roaming/TinyTeX/texmf-dist/tex/latex/microtype/microtyp
e.cfg
File: microtype.cfg 2021/03/14 v2.8c microtype main configuration file (RS)
)) (c:/Users/lpmPh/AppData/Roaming/TinyTeX/texmf-dist/tex/latex/xcolor/xcolor.s
ty
Package: xcolor 2016/05/11 v2.12 LaTeX color extensions (UK)

(c:/Users/lpmPh/AppData/Roaming/TinyTeX/texmf-dist/tex/latex/graphics-cfg/color
.cfg
File: color.cfg 2016/01/02 v1.6 sample color configuration
)
Package xcolor Info: Driver file: pdftex.def on input line 225.

(c:/Users/lpmPh/AppData/Roaming/TinyTeX/texmf-dist/tex/latex/graphics-def/pdfte
x.def
File: pdftex.def 2020/10/05 v1.2a Graphics/color driver for pdftex
)
Package xcolor Info: Model `cmy' substituted by `cmy0' on input line 1348.
Package xcolor Info: Model `hsb' substituted by `rgb' on input line 1352.
Package xcolor Info: Model `RGB' extended on input line 1364.
Package xcolor Info: Model `HTML' substituted by `rgb' on input line 1366.
Package xcolor Info: Model `Hsb' substituted by `hsb' on input line 1367.
Package xcolor Info: Model `tHsb' substituted by `hsb' on input line 1368.
Package xcolor Info: Model `HSB' substituted by `hsb' on input line 1369.
Package xcolor Info: Model `Gray' substituted by `gray' on input line 1370.
Package xcolor Info: Model `wave' substituted by `hsb' on input line 1371.
)
(c:/Users/lpmPh/AppData/Roaming/TinyTeX/texmf-dist/tex/latex/hyperref/hyperref.
sty
Package: hyperref 2021-06-07 v7.00m Hypertext links for LaTeX

(c:/Users/lpmPh/AppData/Roaming/TinyTeX/texmf-dist/tex/generic/ltxcmds/ltxcmds.
sty
Package: ltxcmds 2020-05-10 v1.25 LaTeX kernel commands for general use (HO)
)
(c:/Users/lpmPh/AppData/Roaming/TinyTeX/texmf-dist/tex/generic/pdftexcmds/pdfte
xcmds.sty
Package: pdftexcmds 2020-06-27 v0.33 Utility functions of pdfTeX for LuaTeX (HO
)

(c:/Users/lpmPh/AppData/Roaming/TinyTeX/texmf-dist/tex/generic/infwarerr/infwar
err.sty
Package: infwarerr 2019/12/03 v1.5 Providing info/warning/error messages (HO)
)
Package pdftexcmds Info: \pdf@primitive is available.
Package pdftexcmds Info: \pdf@ifprimitive is available.
Package pdftexcmds Info: \pdfdraftmode found.
)
(c:/Users/lpmPh/AppData/Roaming/TinyTeX/texmf-dist/tex/generic/kvsetkeys/kvsetk
eys.sty
Package: kvsetkeys 2019/12/15 v1.18 Key value parser (HO)
)
(c:/Users/lpmPh/AppData/Roaming/TinyTeX/texmf-dist/tex/generic/kvdefinekeys/kvd
efinekeys.sty
Package: kvdefinekeys 2019-12-19 v1.6 Define keys (HO)
)
(c:/Users/lpmPh/AppData/Roaming/TinyTeX/texmf-dist/tex/generic/pdfescape/pdfesc
ape.sty
Package: pdfescape 2019/12/09 v1.15 Implements pdfTeX's escape features (HO)
)
(c:/Users/lpmPh/AppData/Roaming/TinyTeX/texmf-dist/tex/latex/hycolor/hycolor.st
y
Package: hycolor 2020-01-27 v1.10 Color options for hyperref/bookmark (HO)
)
(c:/Users/lpmPh/AppData/Roaming/TinyTeX/texmf-dist/tex/latex/letltxmacro/letltx
macro.sty
Package: letltxmacro 2019/12/03 v1.6 Let assignment for LaTeX macros (HO)
)
(c:/Users/lpmPh/AppData/Roaming/TinyTeX/texmf-dist/tex/latex/auxhook/auxhook.st
y
Package: auxhook 2019-12-17 v1.6 Hooks for auxiliary files (HO)
)
(c:/Users/lpmPh/AppData/Roaming/TinyTeX/texmf-dist/tex/latex/kvoptions/kvoption
s.sty
Package: kvoptions 2020-10-07 v3.14 Key value format for package options (HO)
)
\@linkdim=\dimen149
\Hy@linkcounter=\count270
\Hy@pagecounter=\count271

(c:/Users/lpmPh/AppData/Roaming/TinyTeX/texmf-dist/tex/latex/hyperref/pd1enc.de
f
File: pd1enc.def 2021-06-07 v7.00m Hyperref: PDFDocEncoding definition (HO)
Now handling font encoding PD1 ...
... no UTF-8 mapping file for font encoding PD1
)
(c:/Users/lpmPh/AppData/Roaming/TinyTeX/texmf-dist/tex/latex/hyperref/hyperref-
langpatches.def
File: hyperref-langpatches.def 2021-06-07 v7.00m Hyperref: patches for babel la
nguages
)
(c:/Users/lpmPh/AppData/Roaming/TinyTeX/texmf-dist/tex/generic/intcalc/intcalc.
sty
Package: intcalc 2019/12/15 v1.3 Expandable calculations with integers (HO)
)
(c:/Users/lpmPh/AppData/Roaming/TinyTeX/texmf-dist/tex/generic/etexcmds/etexcmd
s.sty
Package: etexcmds 2019/12/15 v1.7 Avoid name clashes with e-TeX commands (HO)
)
\Hy@SavedSpaceFactor=\count272

(c:/Users/lpmPh/AppData/Roaming/TinyTeX/texmf-dist/tex/latex/hyperref/puenc.def
File: puenc.def 2021-06-07 v7.00m Hyperref: PDF Unicode definition (HO)
Now handling font encoding PU ...
... no UTF-8 mapping file for font encoding PU
)
Package hyperref Info: Option `unicode' set `true' on input line 4073.
Package hyperref Info: Hyper figures OFF on input line 4192.
Package hyperref Info: Link nesting OFF on input line 4197.
Package hyperref Info: Hyper index ON on input line 4200.
Package hyperref Info: Plain pages OFF on input line 4207.
Package hyperref Info: Backreferencing OFF on input line 4212.
Package hyperref Info: Implicit mode ON; LaTeX internals redefined.
Package hyperref Info: Bookmarks ON on input line 4445.
\c@Hy@tempcnt=\count273
(c:/Users/lpmPh/AppData/Roaming/TinyTeX/texmf-dist/tex/latex/url/url.sty
\Urlmuskip=\muskip17
Package: url 2013/09/16  ver 3.4  Verb mode for urls, etc.
)
LaTeX Info: Redefining \url on input line 4804.
\XeTeXLinkMargin=\dimen150

(c:/Users/lpmPh/AppData/Roaming/TinyTeX/texmf-dist/tex/generic/bitset/bitset.st
y
Package: bitset 2019/12/09 v1.3 Handle bit-vector datatype (HO)

(c:/Users/lpmPh/AppData/Roaming/TinyTeX/texmf-dist/tex/generic/bigintcalc/bigin
tcalc.sty
Package: bigintcalc 2019/12/15 v1.5 Expandable calculations on big integers (HO
)
))
\Fld@menulength=\count274
\Field@Width=\dimen151
\Fld@charsize=\dimen152
Package hyperref Info: Hyper figures OFF on input line 6076.
Package hyperref Info: Link nesting OFF on input line 6081.
Package hyperref Info: Hyper index ON on input line 6084.
Package hyperref Info: backreferencing OFF on input line 6091.
Package hyperref Info: Link coloring OFF on input line 6096.
Package hyperref Info: Link coloring with OCG OFF on input line 6101.
Package hyperref Info: PDF/A mode OFF on input line 6106.
LaTeX Info: Redefining \ref on input line 6146.
LaTeX Info: Redefining \pageref on input line 6150.

(c:/Users/lpmPh/AppData/Roaming/TinyTeX/texmf-dist/tex/latex/base/atbegshi-ltx.
sty
Package: atbegshi-ltx 2021/01/10 v1.0c Emulation of the original atbegshi
package with kernel methods
)
\Hy@abspage=\count275
\c@Item=\count276
\c@Hfootnote=\count277
)
Package hyperref Info: Driver (autodetected): hpdftex.

(c:/Users/lpmPh/AppData/Roaming/TinyTeX/texmf-dist/tex/latex/hyperref/hpdftex.d
ef
File: hpdftex.def 2021-06-07 v7.00m Hyperref driver for pdfTeX

(c:/Users/lpmPh/AppData/Roaming/TinyTeX/texmf-dist/tex/latex/base/atveryend-ltx
.sty
Package: atveryend-ltx 2020/08/19 v1.0a Emulation of the original atvery packag
e
with kernel methods
)
\Fld@listcount=\count278
\c@bookmark@seq@number=\count279

(c:/Users/lpmPh/AppData/Roaming/TinyTeX/texmf-dist/tex/latex/rerunfilecheck/rer
unfilecheck.sty
Package: rerunfilecheck 2019/12/05 v1.9 Rerun checks for auxiliary files (HO)

(c:/Users/lpmPh/AppData/Roaming/TinyTeX/texmf-dist/tex/generic/uniquecounter/un
iquecounter.sty
Package: uniquecounter 2019/12/15 v1.4 Provide unlimited unique counter (HO)
)
Package uniquecounter Info: New unique counter `rerunfilecheck' on input line 2
86.
)
\Hy@SectionHShift=\skip53
)
(c:/Users/lpmPh/AppData/Roaming/TinyTeX/texmf-dist/tex/latex/geometry/geometry.
sty
Package: geometry 2020/01/02 v5.9 Page Geometry

(c:/Users/lpmPh/AppData/Roaming/TinyTeX/texmf-dist/tex/generic/iftex/ifvtex.sty
Package: ifvtex 2019/10/25 v1.7 ifvtex legacy package. Use iftex instead.
)
\Gm@cnth=\count280
\Gm@cntv=\count281
\c@Gm@tempcnt=\count282
\Gm@bindingoffset=\dimen153
\Gm@wd@mp=\dimen154
\Gm@odd@mp=\dimen155
\Gm@even@mp=\dimen156
\Gm@layoutwidth=\dimen157
\Gm@layoutheight=\dimen158
\Gm@layouthoffset=\dimen159
\Gm@layoutvoffset=\dimen160
\Gm@dimlist=\toks26
)
(c:/Users/lpmPh/AppData/Roaming/TinyTeX/texmf-dist/tex/latex/tools/longtable.st
y
Package: longtable 2021-05-07 v4.16 Multi-page Table package (DPC)
\LTleft=\skip54
\LTright=\skip55
\LTpre=\skip56
\LTpost=\skip57
\LTchunksize=\count283
\LTcapwidth=\dimen161
\LT@head=\box52
\LT@firsthead=\box53
\LT@foot=\box54
\LT@lastfoot=\box55
\LT@gbox=\box56
\LT@cols=\count284
\LT@rows=\count285
\c@LT@tables=\count286
\c@LT@chunks=\count287
\LT@p@ftn=\toks27
)
(c:/Users/lpmPh/AppData/Roaming/TinyTeX/texmf-dist/tex/latex/booktabs/booktabs.
sty
Package: booktabs 2020/01/12 v1.61803398 Publication quality tables
\heavyrulewidth=\dimen162
\lightrulewidth=\dimen163
\cmidrulewidth=\dimen164
\belowrulesep=\dimen165
\belowbottomsep=\dimen166
\aboverulesep=\dimen167
\abovetopsep=\dimen168
\cmidrulesep=\dimen169
\cmidrulekern=\dimen170
\defaultaddspace=\dimen171
\@cmidla=\count288
\@cmidlb=\count289
\@aboverulesep=\dimen172
\@belowrulesep=\dimen173
\@thisruleclass=\count290
\@lastruleclass=\count291
\@thisrulewidth=\dimen174
)
(c:/Users/lpmPh/AppData/Roaming/TinyTeX/texmf-dist/tex/latex/etoolbox/etoolbox.
sty
Package: etoolbox 2020/10/05 v2.5k e-TeX tools for LaTeX (JAW)
\etb@tempcnta=\count292
)
(c:/Users/lpmPh/AppData/Roaming/TinyTeX/texmf-dist/tex/latex/mdwtools/footnote.
sty
Package: footnote 1997/01/28 1.13 Save footnotes around boxes
\fn@notes=\box57
\fn@width=\dimen175
)
(c:/Users/lpmPh/AppData/Roaming/TinyTeX/texmf-dist/tex/latex/graphics/graphicx.
sty
Package: graphicx 2020/12/05 v1.2c Enhanced LaTeX Graphics (DPC,SPQR)

(c:/Users/lpmPh/AppData/Roaming/TinyTeX/texmf-dist/tex/latex/graphics/graphics.
sty
Package: graphics 2021/03/04 v1.4d Standard LaTeX Graphics (DPC,SPQR)
(c:/Users/lpmPh/AppData/Roaming/TinyTeX/texmf-dist/tex/latex/graphics/trig.sty
Package: trig 2016/01/03 v1.10 sin cos tan (DPC)
)
(c:/Users/lpmPh/AppData/Roaming/TinyTeX/texmf-dist/tex/latex/graphics-cfg/graph
ics.cfg
File: graphics.cfg 2016/06/04 v1.11 sample graphics configuration
)
Package graphics Info: Driver file: pdftex.def on input line 107.
)
\Gin@req@height=\dimen176
\Gin@req@width=\dimen177
)
(c:/Users/lpmPh/AppData/Roaming/TinyTeX/texmf-dist/tex/latex/grffile/grffile.st
y
Package: grffile 2019/11/11 v2.1 Extended file name support for graphics (legac
y)
Package grffile Info: This package is an empty stub for compatibility on input 
line 40.
) (c:/Users/lpmPh/AppData/Roaming/TinyTeX/texmf-dist/tex/latex/tools/array.sty
Package: array 2021/04/20 v2.5e Tabular extension package (FMi)
\col@sep=\dimen178
\ar@mcellbox=\box58
\extrarowheight=\dimen179
\NC@list=\toks28
\extratabsurround=\skip58
\backup@length=\skip59
\ar@cellbox=\box59
)
(c:/Users/lpmPh/AppData/Roaming/TinyTeX/texmf-dist/tex/latex/multirow/multirow.
sty
Package: multirow 2021/03/15 v2.8 Span multiple rows of a table
\multirow@colwidth=\skip60
\multirow@cntb=\count293
\multirow@dima=\skip61
\bigstrutjot=\dimen180
)
(c:/Users/lpmPh/AppData/Roaming/TinyTeX/texmf-dist/tex/latex/wrapfig/wrapfig.st
y
\wrapoverhang=\dimen181
\WF@size=\dimen182
\c@WF@wrappedlines=\count294
\WF@box=\box60
\WF@everypar=\toks29
Package: wrapfig 2003/01/31  v 3.6
) (c:/Users/lpmPh/AppData/Roaming/TinyTeX/texmf-dist/tex/latex/float/float.sty
Package: float 2001/11/08 v1.3d Float enhancements (AL)
\c@float@type=\count295
\float@exts=\toks30
\float@box=\box61
\@float@everytoks=\toks31
\@floatcapt=\box62
)
(c:/Users/lpmPh/AppData/Roaming/TinyTeX/texmf-dist/tex/latex/colortbl/colortbl.
sty
Package: colortbl 2020/01/04 v1.0e Color table columns (DPC)
\everycr=\toks32
\minrowclearance=\skip62
)
(c:/Users/lpmPh/AppData/Roaming/TinyTeX/texmf-dist/tex/latex/pdflscape/pdflscap
e.sty
Package: pdflscape 2019/12/05 v0.12 Display of landscape pages in PDF (HO)

(c:/Users/lpmPh/AppData/Roaming/TinyTeX/texmf-dist/tex/latex/graphics/lscape.st
y
Package: lscape 2020/05/28 v3.02 Landscape Pages (DPC)
)
Package pdflscape Info: Auto-detected driver: pdftex on input line 81.
) (c:/Users/lpmPh/AppData/Roaming/TinyTeX/texmf-dist/tex/latex/tabu/tabu.sty
Package: tabu 2019/01/11 v2.9 - flexible LaTeX tabulars (FC+tabu-fixed)

(c:/Users/lpmPh/AppData/Roaming/TinyTeX/texmf-dist/tex/latex/varwidth/varwidth.
sty
Package: varwidth 2009/03/30 ver 0.92;  Variable-width minipages
\@vwid@box=\box63
\sift@deathcycles=\count296
\@vwid@loff=\dimen183
\@vwid@roff=\dimen184
)
\c@taburow=\count297
\tabu@nbcols=\count298
\tabu@cnt=\count299
\tabu@Xcol=\count300
\tabu@alloc=\count301
\tabu@nested=\count302
\tabu@target=\dimen185
\tabu@spreadtarget=\dimen186
\tabu@naturalX=\dimen187
\tabucolX=\dimen188
\tabu@Xsum=\dimen189
\extrarowdepth=\dimen190
\abovetabulinesep=\dimen191
\belowtabulinesep=\dimen192
\tabustrutrule=\dimen193
\tabu@thebody=\toks33
\tabu@footnotes=\toks34
\tabu@box=\box64
\tabu@arstrutbox=\box65
\tabu@hleads=\box66
\tabu@vleads=\box67
\tabu@cellskip=\skip63
)
(c:/Users/lpmPh/AppData/Roaming/TinyTeX/texmf-dist/tex/latex/threeparttable/thr
eeparttable.sty
Package: threeparttable 2003/06/13  v 3.0
\@tempboxb=\box68
)
(c:/Users/lpmPh/AppData/Roaming/TinyTeX/texmf-dist/tex/latex/threeparttablex/th
reeparttablex.sty
Package: threeparttablex 2013/07/23 v0.3 by daleif

(c:/Users/lpmPh/AppData/Roaming/TinyTeX/texmf-dist/tex/latex/environ/environ.st
y
Package: environ 2014/05/04 v0.3 A new way to define environments

(c:/Users/lpmPh/AppData/Roaming/TinyTeX/texmf-dist/tex/latex/trimspaces/trimspa
ces.sty
Package: trimspaces 2009/09/17 v1.1 Trim spaces around a token list
))
\TPTL@width=\skip64
) (c:/Users/lpmPh/AppData/Roaming/TinyTeX/texmf-dist/tex/generic/ulem/ulem.sty
\UL@box=\box69
\UL@hyphenbox=\box70
\UL@skip=\skip65
\UL@hook=\toks35
\UL@height=\dimen194
\UL@pe=\count303
\UL@pixel=\dimen195
\ULC@box=\box71
Package: ulem 2019/11/18
\ULdepth=\dimen196
)
(c:/Users/lpmPh/AppData/Roaming/TinyTeX/texmf-dist/tex/latex/makecell/makecell.
sty
Package: makecell 2009/08/03 V0.1e Managing of Tab Column Heads and Cells
\rotheadsize=\dimen197
\c@nlinenum=\count304
\TeXr@lab=\toks36
)
(c:/Users/lpmPh/AppData/Roaming/TinyTeX/texmf-dist/tex/latex/l3backend/l3backen
d-pdftex.def
File: l3backend-pdftex.def 2021-05-07 L3 backend support: PDF output (pdfTeX)
\l__color_backend_stack_int=\count305
\l__pdf_internal_box=\box72
) (./Group10_A2.aux)
\openout1 = `Group10_A2.aux'.

LaTeX Font Info:    Checking defaults for OML/cmm/m/it on input line 90.
LaTeX Font Info:    ... okay on input line 90.
LaTeX Font Info:    Checking defaults for OMS/cmsy/m/n on input line 90.
LaTeX Font Info:    ... okay on input line 90.
LaTeX Font Info:    Checking defaults for OT1/cmr/m/n on input line 90.
LaTeX Font Info:    ... okay on input line 90.
LaTeX Font Info:    Checking defaults for T1/cmr/m/n on input line 90.
LaTeX Font Info:    ... okay on input line 90.
LaTeX Font Info:    Checking defaults for TS1/cmr/m/n on input line 90.
LaTeX Font Info:    ... okay on input line 90.
LaTeX Font Info:    Checking defaults for OMX/cmex/m/n on input line 90.
LaTeX Font Info:    ... okay on input line 90.
LaTeX Font Info:    Checking defaults for U/cmr/m/n on input line 90.
LaTeX Font Info:    ... okay on input line 90.
LaTeX Font Info:    Checking defaults for PD1/pdf/m/n on input line 90.
LaTeX Font Info:    ... okay on input line 90.
LaTeX Font Info:    Checking defaults for PU/pdf/m/n on input line 90.
LaTeX Font Info:    ... okay on input line 90.
LaTeX Info: Redefining \microtypecontext on input line 90.
Package microtype Info: Generating PDF output.
Package microtype Info: Character protrusion enabled (level 2).
Package microtype Info: Using protrusion set `basicmath'.
Package microtype Info: Automatic font expansion enabled (level 2),
(microtype)             stretch: 20, shrink: 20, step: 1, non-selected.
Package microtype Info: Using default expansion set `alltext-nott'.
LaTeX Info: Redefining \showhyphens on input line 90.
Package microtype Info: No adjustment of tracking.
Package microtype Info: No adjustment of interword spacing.
Package microtype Info: No adjustment of character kerning.

(c:/Users/lpmPh/AppData/Roaming/TinyTeX/texmf-dist/tex/latex/microtype/mt-cmr.c
fg
File: mt-cmr.cfg 2013/05/19 v2.2 microtype config. file: Computer Modern Roman 
(RS)
)
(c:/Users/lpmPh/AppData/Roaming/TinyTeX/texmf-dist/tex/latex/epstopdf-pkg/epsto
pdf-base.sty
Package: epstopdf-base 2020-01-24 v2.11 Base part for package epstopdf
Package epstopdf-base Info: Redefining graphics rule for `.eps' on input line 4
85.

(c:/Users/lpmPh/AppData/Roaming/TinyTeX/texmf-dist/tex/latex/latexconfig/epstop
df-sys.cfg
File: epstopdf-sys.cfg 2010/07/13 v1.3 Configuration of (r)epstopdf for TeX Liv
e
))
Package hyperref Info: Link coloring OFF on input line 90.

(c:/Users/lpmPh/AppData/Roaming/TinyTeX/texmf-dist/tex/latex/hyperref/nameref.s
ty
Package: nameref 2021-04-02 v2.47 Cross-referencing by name of section

(c:/Users/lpmPh/AppData/Roaming/TinyTeX/texmf-dist/tex/latex/refcount/refcount.
sty
Package: refcount 2019/12/15 v3.6 Data extraction from label references (HO)
)
(c:/Users/lpmPh/AppData/Roaming/TinyTeX/texmf-dist/tex/generic/gettitlestring/g
ettitlestring.sty
Package: gettitlestring 2019/12/15 v1.6 Cleanup title references (HO)
)
\c@section@level=\count306
)
LaTeX Info: Redefining \ref on input line 90.
LaTeX Info: Redefining \pageref on input line 90.
LaTeX Info: Redefining \nameref on input line 90.
(./Group10_A2.out) (./Group10_A2.out)
\@outlinefile=\write3
\openout3 = `Group10_A2.out'.

*geometry* driver: auto-detecting
*geometry* detected driver: pdftex
*geometry* verbose mode - [ preamble ] result:
* driver: pdftex
* paper: <default>
* layout: <same size as paper>
* layoutoffset:(h,v)=(0.0pt,0.0pt)
* modes: 
* h-part:(L,W,R)=(72.26999pt, 469.75502pt, 72.26999pt)
* v-part:(T,H,B)=(72.26999pt, 650.43001pt, 72.26999pt)
* \paperwidth=614.295pt
* \paperheight=794.96999pt
* \textwidth=469.75502pt
* \textheight=650.43001pt
* \oddsidemargin=0.0pt
* \evensidemargin=0.0pt
* \topmargin=-37.0pt
* \headheight=12.0pt
* \headsep=25.0pt
* \topskip=10.0pt
* \footskip=30.0pt
* \marginparwidth=65.0pt
* \marginparsep=11.0pt
* \columnsep=10.0pt
* \skip\footins=9.0pt plus 4.0pt minus 2.0pt
* \hoffset=0.0pt
* \voffset=0.0pt
* \mag=1000
* \@twocolumnfalse
* \@twosidefalse
* \@mparswitchfalse
* \@reversemarginfalse
* (1in=72.27pt=25.4mm, 1cm=28.453pt)

LaTeX Font Info:    Trying to load font information for OT1+lmr on input line 9
2.
(c:/Users/lpmPh/AppData/Roaming/TinyTeX/texmf-dist/tex/latex/lm/ot1lmr.fd
File: ot1lmr.fd 2015/05/01 v1.6.1 Font defs for Latin Modern
)
LaTeX Font Info:    Trying to load font information for OML+lmm on input line 9
2.
(c:/Users/lpmPh/AppData/Roaming/TinyTeX/texmf-dist/tex/latex/lm/omllmm.fd
File: omllmm.fd 2015/05/01 v1.6.1 Font defs for Latin Modern
)
LaTeX Font Info:    Trying to load font information for OMS+lmsy on input line 
92.
(c:/Users/lpmPh/AppData/Roaming/TinyTeX/texmf-dist/tex/latex/lm/omslmsy.fd
File: omslmsy.fd 2015/05/01 v1.6.1 Font defs for Latin Modern
)
LaTeX Font Info:    Trying to load font information for OMX+lmex on input line 
92.
(c:/Users/lpmPh/AppData/Roaming/TinyTeX/texmf-dist/tex/latex/lm/omxlmex.fd
File: omxlmex.fd 2015/05/01 v1.6.1 Font defs for Latin Modern
)
LaTeX Font Info:    External font `lmex10' loaded for size
(Font)              <12> on input line 92.
LaTeX Font Info:    External font `lmex10' loaded for size
(Font)              <8> on input line 92.
LaTeX Font Info:    External font `lmex10' loaded for size
(Font)              <6> on input line 92.
LaTeX Font Info:    Trying to load font information for U+msa on input line 92.

(c:/Users/lpmPh/AppData/Roaming/TinyTeX/texmf-dist/tex/latex/amsfonts/umsa.fd
File: umsa.fd 2013/01/14 v3.01 AMS symbols A
)
(c:/Users/lpmPh/AppData/Roaming/TinyTeX/texmf-dist/tex/latex/microtype/mt-msa.c
fg
File: mt-msa.cfg 2006/02/04 v1.1 microtype config. file: AMS symbols (a) (RS)
)
LaTeX Font Info:    Trying to load font information for U+msb on input line 92.

(c:/Users/lpmPh/AppData/Roaming/TinyTeX/texmf-dist/tex/latex/amsfonts/umsb.fd
File: umsb.fd 2013/01/14 v3.01 AMS symbols B
)
(c:/Users/lpmPh/AppData/Roaming/TinyTeX/texmf-dist/tex/latex/microtype/mt-msb.c
fg
File: mt-msb.cfg 2005/06/01 v1.0 microtype config. file: AMS symbols (b) (RS)
) (./Group10_A2.toc
LaTeX Font Info:    External font `lmex10' loaded for size
(Font)              <10> on input line 3.
LaTeX Font Info:    External font `lmex10' loaded for size
(Font)              <7> on input line 3.
LaTeX Font Info:    External font `lmex10' loaded for size
(Font)              <5> on input line 3.
)
\tf@toc=\write4
\openout4 = `Group10_A2.toc'.


Overfull \hbox (54.56111pt too wide) in paragraph at lines 106--153
 [][] 
 []

LaTeX Font Info:    Trying to load font information for T1+lmtt on input line 1
55.
(c:/Users/lpmPh/AppData/Roaming/TinyTeX/texmf-dist/tex/latex/lm/t1lmtt.fd
File: t1lmtt.fd 2015/05/01 v1.6.1 Font defs for Latin Modern
)
<Group10_A2_files/figure-latex/vismiss-1.pdf, id=45, 469.755pt x 325.215pt>
File: Group10_A2_files/figure-latex/vismiss-1.pdf Graphic file (type pdf)
<use Group10_A2_files/figure-latex/vismiss-1.pdf>
Package pdftex.def Info: Group10_A2_files/figure-latex/vismiss-1.pdf  used on i
nput line 159.
(pdftex.def)             Requested size: 469.75386pt x 325.2142pt.

LaTeX Warning: Reference `(' on page 1 undefined on input line 166.

<Group10_A2_files/figure-latex/pairplot-1.pdf, id=47, 469.755pt x 325.215pt>
File: Group10_A2_files/figure-latex/pairplot-1.pdf Graphic file (type pdf)
<use Group10_A2_files/figure-latex/pairplot-1.pdf>
Package pdftex.def Info: Group10_A2_files/figure-latex/pairplot-1.pdf  used on 
input line 198.
(pdftex.def)             Requested size: 469.75386pt x 325.2142pt.
[1

{c:/Users/lpmPh/AppData/Roaming/TinyTeX/texmf-var/fonts/map/pdftex/updmap/pdfte
x.map}] [2pdfTeX warning (ext4): destination with the same identifier (name{tab
le.1}) has been already used, duplicate ignored
<argument> ...shipout:D \box_use:N \l_shipout_box 
                                                  \__shipout_drop_firstpage_...
l.206 
      pdfTeX warning (ext4): destination with the same identifier (name{table.2
}) has been already used, duplicate ignored
<argument> ...shipout:D \box_use:N \l_shipout_box 
                                                  \__shipout_drop_firstpage_...
l.206 
      ] [3pdfTeX warning (ext4): destination with the same identifier (name{fig
ure.1}) has been already used, duplicate ignored
<argument> ...shipout:D \box_use:N \l_shipout_box 
                                                  \__shipout_drop_firstpage_...
l.206 
       <./Group10_A2_files/figure-latex/vismiss-1.pdf>] [4pdfTeX warning (ext4)
: destination with the same identifier (name{figure.2}) has been already used, 
duplicate ignored
<argument> ...shipout:D \box_use:N \l_shipout_box 
                                                  \__shipout_drop_firstpage_...
l.206 
       <./Group10_A2_files/figure-latex/pairplot-1.pdf>]
Overfull \hbox (76.2434pt too wide) in paragraph at lines 216--216
[]  \T1/lmtt/m/n/10 impute_knn(Sales ~ Assets + Ebit + Liab + group_code, pool 
= "univariate", k = 5) %>% # impute `Sales`[] 
 []


Overfull \hbox (102.49332pt too wide) in paragraph at lines 216--216
[]  \T1/lmtt/m/n/10 impute_knn(Employees ~ Assets + Ebit + Sales + group_code, 
pool = "univariate", k = 5) # impute `Employees`[] 
 []

<Group10_A2_files/figure-latex/vismissimp-1.pdf, id=93, 469.755pt x 325.215pt>
File: Group10_A2_files/figure-latex/vismissimp-1.pdf Graphic file (type pdf)
<use Group10_A2_files/figure-latex/vismissimp-1.pdf>
Package pdftex.def Info: Group10_A2_files/figure-latex/vismissimp-1.pdf  used o
n input line 222.
(pdftex.def)             Requested size: 469.75386pt x 325.2142pt.
[5pdfTeX warning (ext4): destination with the same identifier (name{figure.3}) 
has been already used, duplicate ignored
<argument> ...shipout:D \box_use:N \l_shipout_box 
                                                  \__shipout_drop_firstpage_...
l.281 \end{verbatim}
                     <./Group10_A2_files/figure-latex/vismissimp-1.pdf>]
Overfull \hbox (13.24358pt too wide) in paragraph at lines 281--281
[]\T1/lmtt/m/n/10 ## factanal(x = ., factors = 3, scores = "Bartlett", rotation
 = "varimax",     lower = 0.01)[] 
 []

[6pdfTeX warning (ext4): destination with the same identifier (name{table.3}) h
as been already used, duplicate ignored
<argument> ...shipout:D \box_use:N \l_shipout_box 
                                                  \__shipout_drop_firstpage_...
l.296 
      ]
<Group10_A2_files/figure-latex/unnamed-chunk-6-1.pdf, id=116, 469.755pt x 325.2
15pt>
File: Group10_A2_files/figure-latex/unnamed-chunk-6-1.pdf Graphic file (type pd
f)
<use Group10_A2_files/figure-latex/unnamed-chunk-6-1.pdf>
Package pdftex.def Info: Group10_A2_files/figure-latex/unnamed-chunk-6-1.pdf  u
sed on input line 314.
(pdftex.def)             Requested size: 469.75386pt x 325.2142pt.
<Group10_A2_files/figure-latex/unnamed-chunk-6-2.pdf, id=117, 469.755pt x 325.2
15pt>
File: Group10_A2_files/figure-latex/unnamed-chunk-6-2.pdf Graphic file (type pd
f)
<use Group10_A2_files/figure-latex/unnamed-chunk-6-2.pdf>
Package pdftex.def Info: Group10_A2_files/figure-latex/unnamed-chunk-6-2.pdf  u
sed on input line 316.
(pdftex.def)             Requested size: 469.75386pt x 325.2142pt.
[7 <./Group10_A2_files/figure-latex/unnamed-chunk-6-1.pdf>]
<Group10_A2_files/figure-latex/unnamed-chunk-7-1.pdf, id=135, 469.755pt x 325.2
15pt>
File: Group10_A2_files/figure-latex/unnamed-chunk-7-1.pdf Graphic file (type pd
f)
<use Group10_A2_files/figure-latex/unnamed-chunk-7-1.pdf>
Package pdftex.def Info: Group10_A2_files/figure-latex/unnamed-chunk-7-1.pdf  u
sed on input line 324.
(pdftex.def)             Requested size: 469.75386pt x 325.2142pt.
[8 <./Group10_A2_files/figure-latex/unnamed-chunk-6-2.pdf>] [9 <./Group10_A2_fi
les/figure-latex/unnamed-chunk-7-1.pdf>]
<Group10_A2_files/figure-latex/outlier-1.pdf, id=159, 469.755pt x 325.215pt>
File: Group10_A2_files/figure-latex/outlier-1.pdf Graphic file (type pdf)
<use Group10_A2_files/figure-latex/outlier-1.pdf>
Package pdftex.def Info: Group10_A2_files/figure-latex/outlier-1.pdf  used on i
nput line 348.
(pdftex.def)             Requested size: 469.75386pt x 325.2142pt.
[10pdfTeX warning (ext4): destination with the same identifier (name{figure.4})
 has been already used, duplicate ignored
<argument> ...shipout:D \box_use:N \l_shipout_box 
                                                  \__shipout_drop_firstpage_...
l.462 \end{verbatim}
                     <./Group10_A2_files/figure-latex/outlier-1.pdf>]
Overfull \hbox (107.7433pt too wide) in paragraph at lines 462--462
[]\T1/lmtt/m/n/10 ##                | 45827932669.9934 8321199795.6871 37294050
779.7326 559783045611665152.0000 -38504713.6659 |[] 
 []


Overfull \hbox (133.99323pt too wide) in paragraph at lines 462--462
[]\T1/lmtt/m/n/10 ##                | 152962971642.4546 27774227948.3685 124478
860369.5335 1868425502595036672.0000 -128519771.2713 |[] 
 []


Overfull \hbox (7.99359pt too wide) in paragraph at lines 462--462
[]\T1/lmtt/m/n/10 ## * variances  = | 14278843.5541 990165.0168 11139361.0906 3
464102005089.1484 -1271.8879 |[] 
 []


Overfull \hbox (7.99359pt too wide) in paragraph at lines 462--462
[]\T1/lmtt/m/n/10 ##                | 11139361.0906 603821.0076 14089020.3373 2
819031724914.7407 -2896.3054 |[] 
 []

[11]
Overfull \hbox (160.24315pt too wide) in paragraph at lines 462--462
[]\T1/lmtt/m/n/10 ##                | 3464102005089.1484 628993786487.3610 2819
031724914.7407 42313616559622070272.0000 -2910544902.2988 |[] 
 []


Overfull \hbox (86.74336pt too wide) in paragraph at lines 462--462
[]\T1/lmtt/m/n/10 ##                | 7895362165.6929 1433599165.6690 642512154
4.3660 96440961261439104.0000 -6633697.8730 |[] 
 []


Overfull \hbox (107.7433pt too wide) in paragraph at lines 462--462
[]\T1/lmtt/m/n/10 ##                | 35865573225.4207 6512285918.3867 29186839
361.5943 438093944959465472.0000 -30134320.8618 |[] 
 []


Overfull \hbox (144.4932pt too wide) in paragraph at lines 462--462
[]\T1/lmtt/m/n/10 ##                | 999464605152.0120 181477631296.9689 81334
8575103.6359 12208347792641847296.0000 -839752007.0944 |[] 
 []


Overfull \hbox (97.24333pt too wide) in paragraph at lines 462--462
[]\T1/lmtt/m/n/10 ##                | 10181649389.5220 1848731415.1817 82856661
26.1286 124367702677293104.0000 -8554640.6209 |[] 
 []


Overfull \hbox (2.7436pt too wide) in paragraph at lines 531--531
[]\T1/lmtt/m/n/10 ##                               Means =  881.9754 8.0864 733
.6944 1012916893.6146 16.1091[] 
 []


Overfull \hbox (91.99335pt too wide) in paragraph at lines 531--531
[]\T1/lmtt/m/n/10 ##                           Variances = | 188900.2922 13099.
2724 147366.8758 45827932669.9934   -16.8263 |[] 
 []


Overfull \hbox (76.2434pt too wide) in paragraph at lines 531--531
[]\T1/lmtt/m/n/10 ##                                       | 13099.2724  7222.3
077  7988.1795 8321199795.6871     9.7276 |[] 
 []


Overfull \hbox (91.99335pt too wide) in paragraph at lines 531--531
[]\T1/lmtt/m/n/10 ##                                       | 147366.8758  7988.
1795 186389.0481 37294050779.7326   -38.3163 |[] 
 []


Overfull \hbox (228.49295pt too wide) in paragraph at lines 531--531
[]\T1/lmtt/m/n/10 ##                                       | 45827932669.9934 8
321199795.6871 37294050779.7326 559783045611665152.0000 -38504713.6659 |[] 
 []


Overfull \hbox (70.99341pt too wide) in paragraph at lines 531--531
[]\T1/lmtt/m/n/10 ##                                       |   -16.8263     9.7
276   -38.3163 -38504713.6659     1.4917 |[] 
 []

[12]
Overfull \hbox (13.24358pt too wide) in paragraph at lines 531--531
[]\T1/lmtt/m/n/10 ##                               Means =  2040.4625 22.3866 1
916.5696 2291769155.1312 8.6445[] 
 []


Overfull \hbox (97.24333pt too wide) in paragraph at lines 531--531
[]\T1/lmtt/m/n/10 ##                           Variances = | 630505.2041 43722.
3220 491876.3282 152962971642.4546   -56.1622 |[] 
 []


Overfull \hbox (81.49338pt too wide) in paragraph at lines 531--531
[]\T1/lmtt/m/n/10 ##                                       | 43722.3220 24106.3
819 26662.6836 27774227948.3685    32.4685 |[] 
 []


Overfull \hbox (97.24333pt too wide) in paragraph at lines 531--531
[]\T1/lmtt/m/n/10 ##                                       | 491876.3282 26662.
6836 622123.2559 124478860369.5335  -127.8910 |[] 
 []


Overfull \hbox (254.74287pt too wide) in paragraph at lines 531--531
[]\T1/lmtt/m/n/10 ##                                       | 152962971642.4546 
27774227948.3685 124478860369.5335 1868425502595036672.0000 -128519771.2713 |[]
 
 []


Overfull \hbox (76.2434pt too wide) in paragraph at lines 531--531
[]\T1/lmtt/m/n/10 ##                                       |   -56.1622    32.4
685  -127.8910 -128519771.2713     4.9789 |[] 
 []


Overfull \hbox (23.74355pt too wide) in paragraph at lines 531--531
[]\T1/lmtt/m/n/10 ##                               Means =  15499.9061 -8.0014 
14550.0822 4723471246.6070 8.8742[] 
 []


Overfull \hbox (128.74324pt too wide) in paragraph at lines 531--531
[]\T1/lmtt/m/n/10 ##                           Variances = | 14278843.5541 9901
65.0168 11139361.0906 3464102005089.1484 -1271.8879 |[] 
 []


Overfull \hbox (102.49332pt too wide) in paragraph at lines 531--531
[]\T1/lmtt/m/n/10 ##                                       | 990165.0168 545929
.2861 603821.0076 628993786487.3610   735.3036 |[] 
 []


Overfull \hbox (128.74324pt too wide) in paragraph at lines 531--531
[]\T1/lmtt/m/n/10 ##                                       | 11139361.0906 6038
21.0076 14089020.3373 2819031724914.7407 -2896.3054 |[] 
 []


Overfull \hbox (280.9928pt too wide) in paragraph at lines 531--531
[]\T1/lmtt/m/n/10 ##                                       | 3464102005089.1484
 628993786487.3610 2819031724914.7407 42313616559622070272.0000 -2910544902.298
8 |[] 
 []


Overfull \hbox (81.49338pt too wide) in paragraph at lines 531--531
[]\T1/lmtt/m/n/10 ##                                       | -1271.8879   735.3
036 -2896.3054 -2910544902.2988   112.7555 |[] 
 []


Overfull \hbox (76.2434pt too wide) in paragraph at lines 531--531
[]\T1/lmtt/m/n/10 ##                           Variances = | 32544.2614  2256.7
786 25388.7703 7895362165.6929    -2.8989 |[] 
 []


Overfull \hbox (76.2434pt too wide) in paragraph at lines 531--531
[]\T1/lmtt/m/n/10 ##                                       |  2256.7786  1244.2
790  1376.2255 1433599165.6690     1.6759 |[] 
 []


Overfull \hbox (76.2434pt too wide) in paragraph at lines 531--531
[]\T1/lmtt/m/n/10 ##                                       | 25388.7703  1376.2
255 32111.6174 6425121544.3660    -6.6012 |[] 
 []


Overfull \hbox (207.49301pt too wide) in paragraph at lines 531--531
[]\T1/lmtt/m/n/10 ##                                       | 7895362165.6929 14
33599165.6690 6425121544.3660 96440961261439104.0000 -6633697.8730 |[] 
 []


Overfull \hbox (65.74342pt too wide) in paragraph at lines 531--531
[]\T1/lmtt/m/n/10 ##                                       |    -2.8989     1.6
759    -6.6012 -6633697.8730     0.2570 |[] 
 []


Overfull \hbox (2.7436pt too wide) in paragraph at lines 531--531
[]\T1/lmtt/m/n/10 ##                               Means =  857.4900 -11.5515 8
32.3759 817460134.5644 8.8830[] 
 []


Overfull \hbox (91.99335pt too wide) in paragraph at lines 531--531
[]\T1/lmtt/m/n/10 ##                           Variances = | 147835.9784 10251.
6715 115331.3529 35865573225.4207   -13.1685 |[] 
 []


Overfull \hbox (76.2434pt too wide) in paragraph at lines 531--531
[]\T1/lmtt/m/n/10 ##                                       | 10251.6715  5652.2
778  6251.6596 6512285918.3867     7.6130 |[] 
 []


Overfull \hbox (91.99335pt too wide) in paragraph at lines 531--531
[]\T1/lmtt/m/n/10 ##                                       | 115331.3529  6251.
6596 145870.6441 29186839361.5943   -29.9869 |[] 
 []


Overfull \hbox (228.49295pt too wide) in paragraph at lines 531--531
[]\T1/lmtt/m/n/10 ##                                       | 35865573225.4207 6
512285918.3867 29186839361.5943 438093944959465472.0000 -30134320.8618 |[] 
 []


Overfull \hbox (70.99341pt too wide) in paragraph at lines 531--531
[]\T1/lmtt/m/n/10 ##                                       |   -13.1685     7.6
130   -29.9869 -30134320.8618     1.1674 |[] 
 []


Overfull \hbox (13.24358pt too wide) in paragraph at lines 531--531
[]\T1/lmtt/m/n/10 ##                               Means =  4929.7318 50.7185 5
007.4563 4726219374.7713 9.9748[] 
 []


Overfull \hbox (112.99329pt too wide) in paragraph at lines 531--531
[]\T1/lmtt/m/n/10 ##                           Variances = | 4119739.7519 28568
2.9522 3213934.5544 999464605152.0120  -366.9658 |[] 
 []


Overfull \hbox (102.49332pt too wide) in paragraph at lines 531--531
[]\T1/lmtt/m/n/10 ##                                       | 285682.9522 157511
.8162 174214.7674 181477631296.9689   212.1502 |[] 
 []


Overfull \hbox (112.99329pt too wide) in paragraph at lines 531--531
[]\T1/lmtt/m/n/10 ##                                       | 3213934.5544 17421
4.7674 4064971.8535 813348575103.6359  -835.6436 |[] 
 []


Overfull \hbox (265.24284pt too wide) in paragraph at lines 531--531
[]\T1/lmtt/m/n/10 ##                                       | 999464605152.0120 
181477631296.9689 813348575103.6359 12208347792641847296.0000 -839752007.0944 |
[] 
 []


Overfull \hbox (76.2434pt too wide) in paragraph at lines 531--531
[]\T1/lmtt/m/n/10 ##                                       |  -366.9658   212.1
502  -835.6436 -839752007.0944    32.5323 |[] 
 []


Overfull \hbox (81.49338pt too wide) in paragraph at lines 531--531
[]\T1/lmtt/m/n/10 ##                           Variances = | 41968.2153  2910.2
818 32740.6840 10181649389.5220    -3.7383 |[] 
 []


Overfull \hbox (76.2434pt too wide) in paragraph at lines 531--531
[]\T1/lmtt/m/n/10 ##                                       |  2910.2818  1604.5
892  1774.7439 1848731415.1817     2.1612 |[] 
 []


Overfull \hbox (76.2434pt too wide) in paragraph at lines 531--531
[]\T1/lmtt/m/n/10 ##                                       | 32740.6840  1774.7
439 41410.2890 8285666126.1286    -8.5128 |[] 
 []


Overfull \hbox (217.99298pt too wide) in paragraph at lines 531--531
[]\T1/lmtt/m/n/10 ##                                       | 10181649389.5220 1
848731415.1817 8285666126.1286 124367702677293104.0000 -8554640.6209 |[] 
 []


Overfull \hbox (65.74342pt too wide) in paragraph at lines 531--531
[]\T1/lmtt/m/n/10 ##                                       |    -3.7383     2.1
612    -8.5128 -8554640.6209     0.3314 |[] 
 []

[13] [14] (./Group10_A2.aux)

LaTeX Warning: There were undefined references.

Package rerunfilecheck Info: File `Group10_A2.out' has not changed.
(rerunfilecheck)             Checksum: 47092425EEE825BECDB9961B3BB2B73A;1133.
 ) 
Here is how much of TeX's memory you used:
 13777 strings out of 480472
 211177 string characters out of 5897305
 583554 words of memory out of 5000000
 31079 multiletter control sequences out of 15000+600000
 457205 words of font info for 111 fonts, out of 8000000 for 9000
 14 hyphenation exceptions out of 8191
 60i,9n,66p,709b,479s stack positions out of 5000i,500n,10000p,200000b,80000s
{c:/Users/lpmPh/AppData/Roaming/TinyTeX/texmf-dist/fonts/enc/dvips/lm/lm-ec.e
nc}<c:/Users/lpmPh/AppData/Roaming/TinyTeX/texmf-dist/fonts/type1/public/lm/lmb
x10.pfb><c:/Users/lpmPh/AppData/Roaming/TinyTeX/texmf-dist/fonts/type1/public/l
m/lmbx12.pfb><c:/Users/lpmPh/AppData/Roaming/TinyTeX/texmf-dist/fonts/type1/pub
lic/lm/lmbxi10.pfb><c:/Users/lpmPh/AppData/Roaming/TinyTeX/texmf-dist/fonts/typ
e1/public/lm/lmr10.pfb><c:/Users/lpmPh/AppData/Roaming/TinyTeX/texmf-dist/fonts
/type1/public/lm/lmr12.pfb><c:/Users/lpmPh/AppData/Roaming/TinyTeX/texmf-dist/f
onts/type1/public/lm/lmr17.pfb><c:/Users/lpmPh/AppData/Roaming/TinyTeX/texmf-di
st/fonts/type1/public/lm/lmtt10.pfb>
Output written on Group10_A2.pdf (14 pages, 1946622 bytes).
PDF statistics:
 232 PDF objects out of 1000 (max. 8388607)
 184 compressed objects within 2 object streams
 45 named destinations out of 1000 (max. 500000)
 28772 words of extra memory for PDF output out of 29859 (max. 10000000)

